2017-12-19 00:00:21,547 INFO doll [main] --------------
2017-12-19 00:00:21,562 INFO doll [main] |Start server|
2017-12-19 00:00:21,562 INFO doll [main] --------------
2017-12-19 00:00:22,192 INFO socket server [main] bind port [8800] succeed
2017-12-19 00:00:22,388 INFO http server [main] bind port [8900] succeed
2017-12-19 00:00:31,321 INFO HttpInHandlerImp [pool-7-thread-1] http request[/op?machine=apple&type=0&value=0]
2017-12-19 00:00:35,969 INFO HttpInHandlerImp [pool-7-thread-2] http request[/op?machine=apple&type=0&value=0]
2017-12-19 00:00:36,631 INFO HttpInHandlerImp [pool-7-thread-3] http request[/op?machine=apple&type=0&value=0]
2017-12-19 00:00:37,279 INFO HttpInHandlerImp [pool-7-thread-4] http request[/op?machine=apple&type=0&value=0]
2017-12-19 00:00:37,904 INFO HttpInHandlerImp [pool-7-thread-5] http request[/op?machine=apple&type=0&value=0]
2017-12-19 00:00:38,558 INFO HttpInHandlerImp [pool-7-thread-6] http request[/op?machine=apple&type=0&value=0]
2017-12-19 00:00:39,318 INFO HttpInHandlerImp [pool-7-thread-7] http request[/op?machine=apple&type=0&value=0]
2017-12-19 00:00:40,087 INFO HttpInHandlerImp [pool-7-thread-8] http request[/op?machine=apple&type=0&value=0]
2017-12-19 00:00:40,671 INFO HttpInHandlerImp [pool-7-thread-9] http request[/op?machine=apple&type=0&value=0]
2017-12-19 00:00:41,270 INFO HttpInHandlerImp [pool-7-thread-10] http request[/op?machine=apple&type=0&value=0]
2017-12-19 00:00:41,905 INFO HttpInHandlerImp [pool-7-thread-11] http request[/op?machine=apple&type=0&value=0]
2017-12-19 00:00:42,517 INFO HttpInHandlerImp [pool-7-thread-12] http request[/op?machine=apple&type=0&value=0]
2017-12-19 00:00:43,156 INFO HttpInHandlerImp [pool-7-thread-13] http request[/op?machine=apple&type=0&value=0]
2017-12-19 00:00:43,758 INFO HttpInHandlerImp [pool-7-thread-14] http request[/op?machine=apple&type=0&value=0]
2017-12-19 00:00:44,318 INFO HttpInHandlerImp [pool-7-thread-15] http request[/op?machine=apple&type=0&value=0]
2017-12-19 00:00:44,837 INFO HttpInHandlerImp [pool-7-thread-16] http request[/op?machine=apple&type=0&value=0]
